Analysis & Synthesis report for CAP
Sun Jul 12 14:54:30 2020
Quartus II Version 9.0 Build 132 02/25/2009 SJ Web Edition


---------------------
; Table of Contents ;
---------------------
  1. Legal Notice
  2. Analysis & Synthesis Summary
  3. Analysis & Synthesis Settings
  4. Analysis & Synthesis Source Files Read
  5. Analysis & Synthesis Resource Usage Summary
  6. Analysis & Synthesis Resource Utilization by Entity
  7. General Register Statistics
  8. Parameter Settings for User Entity Instance: mux5x2x1:inst2|lpm_mux:lpm_mux_component
  9. Parameter Settings for User Entity Instance: mux5x2x1:inst|lpm_mux:lpm_mux_component
 10. Parameter Settings for User Entity Instance: mux5x2x1:inst1|lpm_mux:lpm_mux_component
 11. Analysis & Synthesis Messages



----------------
; Legal Notice ;
----------------
Copyright (C) 1991-2009 Altera Corporation
Your use of Altera Corporation's design tools, logic functions 
and other software and tools, and its AMPP partner logic 
functions, and any output files from any of the foregoing 
(including device programming or simulation files), and any 
associated documentation or information are expressly subject 
to the terms and conditions of the Altera Program License 
Subscription Agreement, Altera MegaCore Function License 
Agreement, or other applicable license agreement, including, 
without limitation, that your use is for the sole purpose of 
programming logic devices manufactured by Altera and sold by 
Altera or its authorized distributors.  Please refer to the 
applicable agreement for further details.



+-------------------------------------------------------------------------+
; Analysis & Synthesis Summary                                            ;
+-------------------------------+-----------------------------------------+
; Analysis & Synthesis Status   ; Successful - Sun Jul 12 14:54:30 2020   ;
; Quartus II Version            ; 9.0 Build 132 02/25/2009 SJ Web Edition ;
; Revision Name                 ; CAP                                     ;
; Top-level Entity Name         ; RS_decode                               ;
; Family                        ; Stratix II                              ;
; Logic utilization             ; N/A                                     ;
;     Combinational ALUTs       ; 16                                      ;
;     Dedicated logic registers ; 0                                       ;
; Total registers               ; 0                                       ;
; Total pins                    ; 47                                      ;
; Total virtual pins            ; 0                                       ;
; Total block memory bits       ; 0                                       ;
; DSP block 9-bit elements      ; 0                                       ;
; Total PLLs                    ; 0                                       ;
; Total DLLs                    ; 0                                       ;
+-------------------------------+-----------------------------------------+


+----------------------------------------------------------------------------------------------------------+
; Analysis & Synthesis Settings                                                                            ;
+----------------------------------------------------------------+--------------------+--------------------+
; Option                                                         ; Setting            ; Default Value      ;
+----------------------------------------------------------------+--------------------+--------------------+
; Top-level entity name                                          ; RS_decode          ; CAP                ;
; Family name                                                    ; Stratix II         ; Stratix II         ;
; Use Generated Physical Constraints File                        ; Off                ;                    ;
; Use smart compilation                                          ; Off                ; Off                ;
; Restructure Multiplexers                                       ; Auto               ; Auto               ;
; Create Debugging Nodes for IP Cores                            ; Off                ; Off                ;
; Preserve fewer node names                                      ; On                 ; On                 ;
; Disable OpenCore Plus hardware evaluation                      ; Off                ; Off                ;
; Verilog Version                                                ; Verilog_2001       ; Verilog_2001       ;
; VHDL Version                                                   ; VHDL93             ; VHDL93             ;
; State Machine Processing                                       ; Auto               ; Auto               ;
; Safe State Machine                                             ; Off                ; Off                ;
; Extract Verilog State Machines                                 ; On                 ; On                 ;
; Extract VHDL State Machines                                    ; On                 ; On                 ;
; Ignore Verilog initial constructs                              ; Off                ; Off                ;
; Iteration limit for constant Verilog loops                     ; 5000               ; 5000               ;
; Iteration limit for non-constant Verilog loops                 ; 250                ; 250                ;
; Add Pass-Through Logic to Inferred RAMs                        ; On                 ; On                 ;
; Parallel Synthesis                                             ; Off                ; Off                ;
; DSP Block Balancing                                            ; Auto               ; Auto               ;
; NOT Gate Push-Back                                             ; On                 ; On                 ;
; Power-Up Don't Care                                            ; On                 ; On                 ;
; Remove Redundant Logic Cells                                   ; Off                ; Off                ;
; Remove Duplicate Registers                                     ; On                 ; On                 ;
; Ignore CARRY Buffers                                           ; Off                ; Off                ;
; Ignore CASCADE Buffers                                         ; Off                ; Off                ;
; Ignore GLOBAL Buffers                                          ; Off                ; Off                ;
; Ignore ROW GLOBAL Buffers                                      ; Off                ; Off                ;
; Ignore LCELL Buffers                                           ; Off                ; Off                ;
; Ignore SOFT Buffers                                            ; On                 ; On                 ;
; Limit AHDL Integers to 32 Bits                                 ; Off                ; Off                ;
; Optimization Technique                                         ; Balanced           ; Balanced           ;
; Carry Chain Length                                             ; 70                 ; 70                 ;
; Auto Carry Chains                                              ; On                 ; On                 ;
; Auto Open-Drain Pins                                           ; On                 ; On                 ;
; Perform WYSIWYG Primitive Resynthesis                          ; Off                ; Off                ;
; Auto ROM Replacement                                           ; On                 ; On                 ;
; Auto RAM Replacement                                           ; On                 ; On                 ;
; Auto DSP Block Replacement                                     ; On                 ; On                 ;
; Auto Shift Register Replacement                                ; Auto               ; Auto               ;
; Auto Clock Enable Replacement                                  ; On                 ; On                 ;
; Strict RAM Replacement                                         ; Off                ; Off                ;
; Allow Synchronous Control Signals                              ; On                 ; On                 ;
; Force Use of Synchronous Clear Signals                         ; Off                ; Off                ;
; Auto RAM Block Balancing                                       ; On                 ; On                 ;
; Auto RAM to Logic Cell Conversion                              ; Off                ; Off                ;
; Auto Resource Sharing                                          ; Off                ; Off                ;
; Allow Any RAM Size For Recognition                             ; Off                ; Off                ;
; Allow Any ROM Size For Recognition                             ; Off                ; Off                ;
; Allow Any Shift Register Size For Recognition                  ; Off                ; Off                ;
; Use LogicLock Constraints during Resource Balancing            ; On                 ; On                 ;
; Ignore translate_off and synthesis_off directives              ; Off                ; Off                ;
; Timing-Driven Synthesis                                        ; Off                ; Off                ;
; Show Parameter Settings Tables in Synthesis Report             ; On                 ; On                 ;
; Ignore Maximum Fan-Out Assignments                             ; Off                ; Off                ;
; Synchronization Register Chain Length                          ; 2                  ; 2                  ;
; PowerPlay Power Optimization                                   ; Normal compilation ; Normal compilation ;
; HDL message level                                              ; Level2             ; Level2             ;
; Suppress Register Optimization Related Messages                ; Off                ; Off                ;
; Number of Removed Registers Reported in Synthesis Report       ; 100                ; 100                ;
; Number of Inverted Registers Reported in Synthesis Report      ; 100                ; 100                ;
; Clock MUX Protection                                           ; On                 ; On                 ;
; Auto Gated Clock Conversion                                    ; Off                ; Off                ;
; Block Design Naming                                            ; Auto               ; Auto               ;
; SDC constraint protection                                      ; Off                ; Off                ;
; Synthesis Effort                                               ; Auto               ; Auto               ;
; Allows Asynchronous Clear Usage For Shift Register Replacement ; On                 ; On                 ;
; Analysis & Synthesis Message Level                             ; Medium             ; Medium             ;
+----------------------------------------------------------------+--------------------+--------------------+


+---------------------------------------------------------------------------------------------------------------------------------------------------------+
; Analysis & Synthesis Source Files Read                                                                                                                  ;
+----------------------------------+-----------------+------------------------------------+---------------------------------------------------------------+
; File Name with User-Entered Path ; Used in Netlist ; File Type                          ; File Name with Absolute Path                                  ;
+----------------------------------+-----------------+------------------------------------+---------------------------------------------------------------+
; mux5x2x1.v                       ; yes             ; User Wizard-Generated File         ; C:/Users/Masih/Desktop/CAP/FF_E_Hajabdolla/CAP/mux5x2x1.v     ;
; RS_decode.bdf                    ; yes             ; User Block Diagram/Schematic File  ; C:/Users/Masih/Desktop/CAP/FF_E_Hajabdolla/CAP/RS_decode.bdf  ;
; lpm_mux.tdf                      ; yes             ; Megafunction                       ; c:/altera/90/quartus/libraries/megafunctions/lpm_mux.tdf      ;
; aglobal90.inc                    ; yes             ; Megafunction                       ; c:/altera/90/quartus/libraries/megafunctions/aglobal90.inc    ;
; muxlut.inc                       ; yes             ; Megafunction                       ; c:/altera/90/quartus/libraries/megafunctions/muxlut.inc       ;
; bypassff.inc                     ; yes             ; Megafunction                       ; c:/altera/90/quartus/libraries/megafunctions/bypassff.inc     ;
; altshift.inc                     ; yes             ; Megafunction                       ; c:/altera/90/quartus/libraries/megafunctions/altshift.inc     ;
; db/mux_rnc.tdf                   ; yes             ; Auto-Generated Megafunction        ; C:/Users/Masih/Desktop/CAP/FF_E_Hajabdolla/CAP/db/mux_rnc.tdf ;
+----------------------------------+-----------------+------------------------------------+---------------------------------------------------------------+


+---------------------------------------------------------+
; Analysis & Synthesis Resource Usage Summary             ;
+-----------------------------------------------+---------+
; Resource                                      ; Usage   ;
+-----------------------------------------------+---------+
; Estimated ALUTs Used                          ; 16      ;
; Dedicated logic registers                     ; 0       ;
;                                               ;         ;
; Estimated ALUTs Unavailable                   ; 2       ;
;                                               ;         ;
; Total combinational functions                 ; 16      ;
; Combinational ALUT usage by number of inputs  ;         ;
;     -- 7 input functions                      ; 0       ;
;     -- 6 input functions                      ; 5       ;
;     -- 5 input functions                      ; 1       ;
;     -- 4 input functions                      ; 0       ;
;     -- <=3 input functions                    ; 10      ;
;                                               ;         ;
; Combinational ALUTs by mode                   ;         ;
;     -- normal mode                            ; 16      ;
;     -- extended LUT mode                      ; 0       ;
;     -- arithmetic mode                        ; 0       ;
;     -- shared arithmetic mode                 ; 0       ;
;                                               ;         ;
; Estimated ALUT/register pairs used            ; 16      ;
;                                               ;         ;
; Total registers                               ; 0       ;
;     -- Dedicated logic registers              ; 0       ;
;     -- I/O registers                          ; 0       ;
;                                               ;         ;
; Estimated ALMs:  partially or completely used ; 8       ;
;                                               ;         ;
; I/O pins                                      ; 47      ;
; Maximum fan-out node                          ; inst5~0 ;
; Maximum fan-out                               ; 10      ;
; Total fan-out                                 ; 80      ;
; Average fan-out                               ; 1.27    ;
+-----------------------------------------------+---------+


+-------------------------------------------------------------------------------------------------------------------------------------------------------------------------------------------------------------------------------------------------------------+
; Analysis & Synthesis Resource Utilization by Entity                                                                                                                                                                                                         ;
+-----------------------------------+-------------------+--------------+-------------------+--------------+---------+-----------+-----------+------+--------------+----------------------------------------------------------------------------+--------------+
; Compilation Hierarchy Node        ; LC Combinationals ; LC Registers ; Block Memory Bits ; DSP Elements ; DSP 9x9 ; DSP 18x18 ; DSP 36x36 ; Pins ; Virtual Pins ; Full Hierarchy Name                                                        ; Library Name ;
+-----------------------------------+-------------------+--------------+-------------------+--------------+---------+-----------+-----------+------+--------------+----------------------------------------------------------------------------+--------------+
; |RS_decode                        ; 16 (1)            ; 0 (0)        ; 0                 ; 0            ; 0       ; 0         ; 0         ; 47   ; 0            ; |RS_decode                                                                 ; work         ;
;    |mux5x2x1:inst1|               ; 5 (0)             ; 0 (0)        ; 0                 ; 0            ; 0       ; 0         ; 0         ; 0    ; 0            ; |RS_decode|mux5x2x1:inst1                                                  ; work         ;
;       |lpm_mux:lpm_mux_component| ; 5 (0)             ; 0 (0)        ; 0                 ; 0            ; 0       ; 0         ; 0         ; 0    ; 0            ; |RS_decode|mux5x2x1:inst1|lpm_mux:lpm_mux_component                        ; work         ;
;          |mux_rnc:auto_generated| ; 5 (5)             ; 0 (0)        ; 0                 ; 0            ; 0       ; 0         ; 0         ; 0    ; 0            ; |RS_decode|mux5x2x1:inst1|lpm_mux:lpm_mux_component|mux_rnc:auto_generated ; work         ;
;    |mux5x2x1:inst2|               ; 5 (0)             ; 0 (0)        ; 0                 ; 0            ; 0       ; 0         ; 0         ; 0    ; 0            ; |RS_decode|mux5x2x1:inst2                                                  ; work         ;
;       |lpm_mux:lpm_mux_component| ; 5 (0)             ; 0 (0)        ; 0                 ; 0            ; 0       ; 0         ; 0         ; 0    ; 0            ; |RS_decode|mux5x2x1:inst2|lpm_mux:lpm_mux_component                        ; work         ;
;          |mux_rnc:auto_generated| ; 5 (5)             ; 0 (0)        ; 0                 ; 0            ; 0       ; 0         ; 0         ; 0    ; 0            ; |RS_decode|mux5x2x1:inst2|lpm_mux:lpm_mux_component|mux_rnc:auto_generated ; work         ;
;    |mux5x2x1:inst|                ; 5 (0)             ; 0 (0)        ; 0                 ; 0            ; 0       ; 0         ; 0         ; 0    ; 0            ; |RS_decode|mux5x2x1:inst                                                   ; work         ;
;       |lpm_mux:lpm_mux_component| ; 5 (0)             ; 0 (0)        ; 0                 ; 0            ; 0       ; 0         ; 0         ; 0    ; 0            ; |RS_decode|mux5x2x1:inst|lpm_mux:lpm_mux_component                         ; work         ;
;          |mux_rnc:auto_generated| ; 5 (5)             ; 0 (0)        ; 0                 ; 0            ; 0       ; 0         ; 0         ; 0    ; 0            ; |RS_decode|mux5x2x1:inst|lpm_mux:lpm_mux_component|mux_rnc:auto_generated  ; work         ;
+-----------------------------------+-------------------+--------------+-------------------+--------------+---------+-----------+-----------+------+--------------+----------------------------------------------------------------------------+--------------+
Note: For table entries with two numbers listed, the numbers in parentheses indicate the number of resources of the given type used by the specific entity alone. The numbers listed outside of parentheses indicate the total resources of the given type used by the specific entity and all of its sub-entities in the hierarchy.


+------------------------------------------------------+
; General Register Statistics                          ;
+----------------------------------------------+-------+
; Statistic                                    ; Value ;
+----------------------------------------------+-------+
; Total registers                              ; 0     ;
; Number of registers using Synchronous Clear  ; 0     ;
; Number of registers using Synchronous Load   ; 0     ;
; Number of registers using Asynchronous Clear ; 0     ;
; Number of registers using Asynchronous Load  ; 0     ;
; Number of registers using Clock Enable       ; 0     ;
; Number of registers using Preset             ; 0     ;
+----------------------------------------------+-------+


+---------------------------------------------------------------------------------------+
; Parameter Settings for User Entity Instance: mux5x2x1:inst2|lpm_mux:lpm_mux_component ;
+------------------------+------------+-------------------------------------------------+
; Parameter Name         ; Value      ; Type                                            ;
+------------------------+------------+-------------------------------------------------+
; AUTO_CARRY_CHAINS      ; ON         ; AUTO_CARRY                                      ;
; IGNORE_CARRY_BUFFERS   ; OFF        ; IGNORE_CARRY                                    ;
; AUTO_CASCADE_CHAINS    ; ON         ; AUTO_CASCADE                                    ;
; IGNORE_CASCADE_BUFFERS ; OFF        ; IGNORE_CASCADE                                  ;
; LPM_WIDTH              ; 5          ; Signed Integer                                  ;
; LPM_SIZE               ; 2          ; Signed Integer                                  ;
; LPM_WIDTHS             ; 1          ; Signed Integer                                  ;
; LPM_PIPELINE           ; 0          ; Untyped                                         ;
; CBXI_PARAMETER         ; mux_rnc    ; Untyped                                         ;
; DEVICE_FAMILY          ; Stratix II ; Untyped                                         ;
+------------------------+------------+-------------------------------------------------+
Note: In order to hide this table in the UI and the text report file, please set the "Show Parameter Settings Tables in Synthesis Report" option in "Analysis and Synthesis Settings -> More Settings" to "Off".


+--------------------------------------------------------------------------------------+
; Parameter Settings for User Entity Instance: mux5x2x1:inst|lpm_mux:lpm_mux_component ;
+------------------------+------------+------------------------------------------------+
; Parameter Name         ; Value      ; Type                                           ;
+------------------------+------------+------------------------------------------------+
; AUTO_CARRY_CHAINS      ; ON         ; AUTO_CARRY                                     ;
; IGNORE_CARRY_BUFFERS   ; OFF        ; IGNORE_CARRY                                   ;
; AUTO_CASCADE_CHAINS    ; ON         ; AUTO_CASCADE                                   ;
; IGNORE_CASCADE_BUFFERS ; OFF        ; IGNORE_CASCADE                                 ;
; LPM_WIDTH              ; 5          ; Signed Integer                                 ;
; LPM_SIZE               ; 2          ; Signed Integer                                 ;
; LPM_WIDTHS             ; 1          ; Signed Integer                                 ;
; LPM_PIPELINE           ; 0          ; Untyped                                        ;
; CBXI_PARAMETER         ; mux_rnc    ; Untyped                                        ;
; DEVICE_FAMILY          ; Stratix II ; Untyped                                        ;
+------------------------+------------+------------------------------------------------+
Note: In order to hide this table in the UI and the text report file, please set the "Show Parameter Settings Tables in Synthesis Report" option in "Analysis and Synthesis Settings -> More Settings" to "Off".


+---------------------------------------------------------------------------------------+
; Parameter Settings for User Entity Instance: mux5x2x1:inst1|lpm_mux:lpm_mux_component ;
+------------------------+------------+-------------------------------------------------+
; Parameter Name         ; Value      ; Type                                            ;
+------------------------+------------+-------------------------------------------------+
; AUTO_CARRY_CHAINS      ; ON         ; AUTO_CARRY                                      ;
; IGNORE_CARRY_BUFFERS   ; OFF        ; IGNORE_CARRY                                    ;
; AUTO_CASCADE_CHAINS    ; ON         ; AUTO_CASCADE                                    ;
; IGNORE_CASCADE_BUFFERS ; OFF        ; IGNORE_CASCADE                                  ;
; LPM_WIDTH              ; 5          ; Signed Integer                                  ;
; LPM_SIZE               ; 2          ; Signed Integer                                  ;
; LPM_WIDTHS             ; 1          ; Signed Integer                                  ;
; LPM_PIPELINE           ; 0          ; Untyped                                         ;
; CBXI_PARAMETER         ; mux_rnc    ; Untyped                                         ;
; DEVICE_FAMILY          ; Stratix II ; Untyped                                         ;
+------------------------+------------+-------------------------------------------------+
Note: In order to hide this table in the UI and the text report file, please set the "Show Parameter Settings Tables in Synthesis Report" option in "Analysis and Synthesis Settings -> More Settings" to "Off".


+-------------------------------+
; Analysis & Synthesis Messages ;
+-------------------------------+
Info: *******************************************************************
Info: Running Quartus II Analysis & Synthesis
    Info: Version 9.0 Build 132 02/25/2009 SJ Web Edition
    Info: Processing started: Sun Jul 12 14:54:29 2020
Info: Command: quartus_map --read_settings_files=on --write_settings_files=off CAP -c CAP
Info: Found 1 design units, including 1 entities, in source file ram.v
    Info: Found entity 1: ram
Info: Found 1 design units, including 1 entities, in source file CAP.bdf
    Info: Found entity 1: CAP
Info: Found 1 design units, including 1 entities, in source file fetch.bdf
    Info: Found entity 1: fetch
Info: Found 1 design units, including 1 entities, in source file block_name.bdf
    Info: Found entity 1: block_name
Info: Found 1 design units, including 1 entities, in source file ALU.bdf
    Info: Found entity 1: ALU
Info: Found 1 design units, including 1 entities, in source file sign_extend.bdf
    Info: Found entity 1: sign_extend
Info: Found 1 design units, including 1 entities, in source file Register_File.bdf
    Info: Found entity 1: Register_File
Info: Found 1 design units, including 1 entities, in source file ff.v
    Info: Found entity 1: ff
Info: Found 1 design units, including 1 entities, in source file adder.v
    Info: Found entity 1: adder
Info: Found 1 design units, including 1 entities, in source file shift2.bdf
    Info: Found entity 1: shift2
Info: Found 1 design units, including 1 entities, in source file ff5.v
    Info: Found entity 1: ff5
Info: Found 1 design units, including 1 entities, in source file mux5x2x1.v
    Info: Found entity 1: mux5x2x1
Info: Found 1 design units, including 1 entities, in source file RS_decode.bdf
    Info: Found entity 1: RS_decode
Info: Found 1 design units, including 1 entities, in source file PCAdd.v
    Info: Found entity 1: PCAdd
Info: Found 1 design units, including 1 entities, in source file Instruction_MEM.bdf
    Info: Found entity 1: Instruction_MEM
Info: Found 1 design units, including 1 entities, in source file data_MEM.bdf
    Info: Found entity 1: data_MEM
Info: Found 1 design units, including 1 entities, in source file comparator32.v
    Info: Found entity 1: comparator32
Info: Found 1 design units, including 1 entities, in source file xor32.v
    Info: Found entity 1: xor32
Info: Found 1 design units, including 1 entities, in source file not32.v
    Info: Found entity 1: not32
Info: Found 1 design units, including 1 entities, in source file and32.v
    Info: Found entity 1: and32
Info: Found 1 design units, including 1 entities, in source file shift32.v
    Info: Found entity 1: shift32
Info: Found 1 design units, including 1 entities, in source file rotate32.v
    Info: Found entity 1: rotate32
Info: Found 2 design units, including 2 entities, in source file const32.v
    Info: Found entity 1: const32_lpm_constant_s09
    Info: Found entity 2: const32
Info: Found 1 design units, including 1 entities, in source file div32.v
    Info: Found entity 1: div32
Info: Found 1 design units, including 1 entities, in source file decoder.v
    Info: Found entity 1: decoder
Info: Elaborating entity "RS_decode" for the top level hierarchy
Info: Elaborating entity "mux5x2x1" for hierarchy "mux5x2x1:inst2"
Info: Elaborating entity "lpm_mux" for hierarchy "mux5x2x1:inst2|lpm_mux:lpm_mux_component"
Info: Elaborated megafunction instantiation "mux5x2x1:inst2|lpm_mux:lpm_mux_component"
Info: Instantiated megafunction "mux5x2x1:inst2|lpm_mux:lpm_mux_component" with the following parameter:
    Info: Parameter "lpm_size" = "2"
    Info: Parameter "lpm_type" = "LPM_MUX"
    Info: Parameter "lpm_width" = "5"
    Info: Parameter "lpm_widths" = "1"
Info: Found 1 design units, including 1 entities, in source file db/mux_rnc.tdf
    Info: Found entity 1: mux_rnc
Info: Elaborating entity "mux_rnc" for hierarchy "mux5x2x1:inst2|lpm_mux:lpm_mux_component|mux_rnc:auto_generated"
Warning: Design contains 12 input pin(s) that do not drive logic
    Warning (15610): No output dependent on input pin "instruction[27]"
    Warning (15610): No output dependent on input pin "instruction[10]"
    Warning (15610): No output dependent on input pin "instruction[9]"
    Warning (15610): No output dependent on input pin "instruction[8]"
    Warning (15610): No output dependent on input pin "instruction[7]"
    Warning (15610): No output dependent on input pin "instruction[6]"
    Warning (15610): No output dependent on input pin "instruction[5]"
    Warning (15610): No output dependent on input pin "instruction[4]"
    Warning (15610): No output dependent on input pin "instruction[3]"
    Warning (15610): No output dependent on input pin "instruction[2]"
    Warning (15610): No output dependent on input pin "instruction[1]"
    Warning (15610): No output dependent on input pin "instruction[0]"
Info: Implemented 63 device resources after synthesis - the final resource count might be different
    Info: Implemented 32 input pins
    Info: Implemented 15 output pins
    Info: Implemented 16 logic cells
Info: Quartus II Analysis & Synthesis was successful. 0 errors, 13 warnings
    Info: Peak virtual memory: 240 megabytes
    Info: Processing ended: Sun Jul 12 14:54:30 2020
    Info: Elapsed time: 00:00:01
    Info: Total CPU time (on all processors): 00:00:01


